[20-Jan-2026 14:16:53 Europe/Berlin] PHP Fatal error:  Uncaught PDOException: SQLSTATE[42S02]: Base table or view not found: 1146 Table 'social9.guild_system_permissions' doesn't exist in C:\xampp\htdocs\nine\Guild\api\auth.php:48
Stack trace:
#0 C:\xampp\htdocs\nine\Guild\api\auth.php(48): PDO->prepare('\n        SELECT...')
#1 C:\xampp\htdocs\nine\Guild\api\auth.php(13): handleLogin()
#2 {main}
  thrown in C:\xampp\htdocs\nine\Guild\api\auth.php on line 48
[20-Jan-2026 14:24:45 Europe/Berlin] PHP Fatal error:  Uncaught PDOException: SQLSTATE[42S02]: Base table or view not found: 1146 Table 'social9.guild_system_permissions' doesn't exist in C:\xampp\htdocs\nine\Guild\api\auth.php:48
Stack trace:
#0 C:\xampp\htdocs\nine\Guild\api\auth.php(48): PDO->prepare('\n        SELECT...')
#1 C:\xampp\htdocs\nine\Guild\api\auth.php(13): handleLogin()
#2 {main}
  thrown in C:\xampp\htdocs\nine\Guild\api\auth.php on line 48
[20-Jan-2026 14:26:12 Europe/Berlin] PHP Fatal error:  Uncaught PDOException: SQLSTATE[42S02]: Base table or view not found: 1146 Table 'social9.guild_system_permissions' doesn't exist in C:\xampp\htdocs\nine\Guild\api\auth.php:48
Stack trace:
#0 C:\xampp\htdocs\nine\Guild\api\auth.php(48): PDO->prepare('\n        SELECT...')
#1 C:\xampp\htdocs\nine\Guild\api\auth.php(13): handleLogin()
#2 {main}
  thrown in C:\xampp\htdocs\nine\Guild\api\auth.php on line 48
[20-Jan-2026 14:26:30 Europe/Berlin] PHP Fatal error:  Uncaught PDOException: SQLSTATE[42S02]: Base table or view not found: 1146 Table 'social9.guild_system_permissions' doesn't exist in C:\xampp\htdocs\nine\Guild\api\auth.php:48
Stack trace:
#0 C:\xampp\htdocs\nine\Guild\api\auth.php(48): PDO->prepare('\n        SELECT...')
#1 C:\xampp\htdocs\nine\Guild\api\auth.php(13): handleLogin()
#2 {main}
  thrown in C:\xampp\htdocs\nine\Guild\api\auth.php on line 48
[20-Jan-2026 14:28:54 Europe/Berlin] PHP Fatal error:  Uncaught PDOException: SQLSTATE[42S02]: Base table or view not found: 1146 Table 'social9.guild_system_permissions' doesn't exist in C:\xampp\htdocs\nine\Guild\api\auth.php:48
Stack trace:
#0 C:\xampp\htdocs\nine\Guild\api\auth.php(48): PDO->prepare('\n        SELECT...')
#1 C:\xampp\htdocs\nine\Guild\api\auth.php(13): handleLogin()
#2 {main}
  thrown in C:\xampp\htdocs\nine\Guild\api\auth.php on line 48
[20-Jan-2026 14:33:51 Europe/Berlin] PHP Fatal error:  Uncaught PDOException: SQLSTATE[42S02]: Base table or view not found: 1146 Table 'social9.guild_system_permissions' doesn't exist in C:\xampp\htdocs\nine\Guild\api\auth.php:48
Stack trace:
#0 C:\xampp\htdocs\nine\Guild\api\auth.php(48): PDO->prepare('\n        SELECT...')
#1 C:\xampp\htdocs\nine\Guild\api\auth.php(13): handleLogin()
#2 {main}
  thrown in C:\xampp\htdocs\nine\Guild\api\auth.php on line 48
[20-Jan-2026 14:34:02 Europe/Berlin] PHP Fatal error:  Uncaught PDOException: SQLSTATE[42S02]: Base table or view not found: 1146 Table 'social9.guild_system_permissions' doesn't exist in C:\xampp\htdocs\nine\Guild\api\auth.php:48
Stack trace:
#0 C:\xampp\htdocs\nine\Guild\api\auth.php(48): PDO->prepare('\n        SELECT...')
#1 C:\xampp\htdocs\nine\Guild\api\auth.php(13): handleLogin()
#2 {main}
  thrown in C:\xampp\htdocs\nine\Guild\api\auth.php on line 48
[20-Jan-2026 14:34:54 Europe/Berlin] PHP Fatal error:  Uncaught PDOException: SQLSTATE[42S02]: Base table or view not found: 1146 Table 'social9.guild_system_permissions' doesn't exist in C:\xampp\htdocs\nine\Guild\api\auth.php:48
Stack trace:
#0 C:\xampp\htdocs\nine\Guild\api\auth.php(48): PDO->prepare('\n        SELECT...')
#1 C:\xampp\htdocs\nine\Guild\api\auth.php(13): handleLogin()
#2 {main}
  thrown in C:\xampp\htdocs\nine\Guild\api\auth.php on line 48
[20-Jan-2026 14:35:26 Europe/Berlin] PHP Fatal error:  Uncaught PDOException: SQLSTATE[42S02]: Base table or view not found: 1146 Table 'social9.guild_system_permissions' doesn't exist in C:\xampp\htdocs\nine\Guild\api\auth.php:48
Stack trace:
#0 C:\xampp\htdocs\nine\Guild\api\auth.php(48): PDO->prepare('\n        SELECT...')
#1 C:\xampp\htdocs\nine\Guild\api\auth.php(13): handleLogin()
#2 {main}
  thrown in C:\xampp\htdocs\nine\Guild\api\auth.php on line 48
[20-Jan-2026 14:36:25 Europe/Berlin] PHP Fatal error:  Uncaught PDOException: SQLSTATE[42S02]: Base table or view not found: 1146 Table 'social9.guild_system_permissions' doesn't exist in C:\xampp\htdocs\nine\Guild\api\auth.php:48
Stack trace:
#0 C:\xampp\htdocs\nine\Guild\api\auth.php(48): PDO->prepare('\n        SELECT...')
#1 C:\xampp\htdocs\nine\Guild\api\auth.php(13): handleLogin()
#2 {main}
  thrown in C:\xampp\htdocs\nine\Guild\api\auth.php on line 48
